<?xml version="1.0" encoding="UTF-8"?>
<!-- Generated by org.testng.reporters.JUnitXMLReporter -->
<testsuite hostname="Rgarg" name="Test" tests="9" failures="2" timestamp="24 Nov 2020 16:17:36 GMT" time="260.402" errors="0">
  <testcase name="tapChromeLogobutton_Scenario3" time="9.251" classname="com.selendroid.test.TestScenarios"/>
  <testcase name="tapFileLogobutton_Scenario4" time="24.394" classname="com.selendroid.test.TestScenarios"/>
  <testcase name="tapProgressBarbutton_Scenario5" time="15.762" classname="com.selendroid.test.TestScenarios"/>
  <testcase name="tapDisplayToasterbutton_Scenario6" time="1.662" classname="com.selendroid.test.TestScenarios"/>
  <testcase name="tapDisplayPopUpbutton_Scenario7" time="1.026" classname="com.selendroid.test.TestScenarios"/>
  <testcase name="verifyHomeScreen_Scenario1" time="2.734" classname="com.selendroid.test.TestScenarios"/>
  <testcase name="tapENbutton_Scenario2" time="2.862" classname="com.selendroid.test.TestScenarios"/>
  <testcase name="tapUnhandledExceptionbutton_Scenario8_failTestCase" time="7.191" classname="com.selendroid.test.TestScenarios">
    <failure type="org.openqa.selenium.WebDriverException" message="An unknown server-side error occurred while processing the command. Original error: Could not proxy command to the remote server. Original error: read ECONNRESET
Build info: version: &amp;apos;3.141.59&amp;apos;, revision: &amp;apos;e82be7d358&amp;apos;, time: &amp;apos;2018-11-14T08:17:03&amp;apos;
System info: host: &amp;apos;RGARG&amp;apos;, ip: &amp;apos;192.168.1.107&amp;apos;, os.name: &amp;apos;Windows 8.1&amp;apos;, os.arch: &amp;apos;amd64&amp;apos;, os.version: &amp;apos;6.3&amp;apos;, java.version: &amp;apos;1.8.0_20&amp;apos;
Driver info: io.appium.java_client.android.AndroidDriver
Capabilities {app: C:\Users\ROHIT GARG\git\App..., appActivity: &amp;quot;io.selendroid.testapp.Home..., appPackage: &amp;quot;io.selendroid.testapp&amp;quot;, autoAcceptAlerts: true, autoDismissAlerts: true, autoGrantPermissions: true, databaseEnabled: false, desired: {app: C:\Users\ROHIT GARG\git\App..., appActivity: &amp;quot;io.selendroid.testapp.Home..., appPackage: &amp;quot;io.selendroid.testapp&amp;quot;, autoAcceptAlerts: true, autoDismissAlerts: true, autoGrantPermissions: true, deviceName: One Plus 5, newCommandTimeout: 120, platformName: android, platformVersion: 7.1, resetKeyboard: true, udid: d7010f8c, unicodeKeyboard: true}, deviceApiLevel: 25, deviceManufacturer: OnePlus, deviceModel: ONEPLUS A5000, deviceName: d7010f8c, deviceScreenDensity: 420, deviceScreenSize: 1080x1920, deviceUDID: d7010f8c, javascriptEnabled: true, locationContextEnabled: false, networkConnectionEnabled: true, newCommandTimeout: 120, pixelRatio: 2.625, platform: LINUX, platformName: ANDROID, platformVersion: 7.1.1, resetKeyboard: true, statBarHeight: 63, takesScreenshot: true, udid: d7010f8c, unicodeKeyboard: true, viewportRect: {height: 1857, left: 0, top: 63, width: 1080}, warnings: {}, webStorageEnabled: false}
Session ID: 55ad87cd-2c5e-49e6-8229-b154493cd294
*** Element info: {Using=id, value=io.selendroid.testapp:id/my_text_field}">
      <![CDATA[org.openqa.selenium.WebDriverException: An unknown server-side error occurred while processing the command. Original error: Could not proxy command to the remote server. Original error: read ECONNRESET
Build info: version: '3.141.59', revision: 'e82be7d358', time: '2018-11-14T08:17:03'
System info: host: 'RGARG', ip: '192.168.1.107', os.name: 'Windows 8.1', os.arch: 'amd64', os.version: '6.3', java.version: '1.8.0_20'
Driver info: io.appium.java_client.android.AndroidDriver
Capabilities {app: C:\Users\ROHIT GARG\git\App..., appActivity: "io.selendroid.testapp.Home..., appPackage: "io.selendroid.testapp", autoAcceptAlerts: true, autoDismissAlerts: true, autoGrantPermissions: true, databaseEnabled: false, desired: {app: C:\Users\ROHIT GARG\git\App..., appActivity: "io.selendroid.testapp.Home..., appPackage: "io.selendroid.testapp", autoAcceptAlerts: true, autoDismissAlerts: true, autoGrantPermissions: true, deviceName: One Plus 5, newCommandTimeout: 120, platformName: android, platformVersion: 7.1, resetKeyboard: true, udid: d7010f8c, unicodeKeyboard: true}, deviceApiLevel: 25, deviceManufacturer: OnePlus, deviceModel: ONEPLUS A5000, deviceName: d7010f8c, deviceScreenDensity: 420, deviceScreenSize: 1080x1920, deviceUDID: d7010f8c, javascriptEnabled: true, locationContextEnabled: false, networkConnectionEnabled: true, newCommandTimeout: 120, pixelRatio: 2.625, platform: LINUX, platformName: ANDROID, platformVersion: 7.1.1, resetKeyboard: true, statBarHeight: 63, takesScreenshot: true, udid: d7010f8c, unicodeKeyboard: true, viewportRect: {height: 1857, left: 0, top: 63, width: 1080}, warnings: {}, webStorageEnabled: false}
Session ID: 55ad87cd-2c5e-49e6-8229-b154493cd294
*** Element info: {Using=id, value=io.selendroid.testapp:id/my_text_field}
	at org.openqa.selenium.remote.http.W3CHttpResponseCodec.createException(W3CHttpResponseCodec.java:187)
	at org.openqa.selenium.remote.http.W3CHttpResponseCodec.decode(W3CHttpResponseCodec.java:122)
	at org.openqa.selenium.remote.http.W3CHttpResponseCodec.decode(W3CHttpResponseCodec.java:49)
	at org.openqa.selenium.remote.HttpCommandExecutor.execute(HttpCommandExecutor.java:158)
	at io.appium.java_client.remote.AppiumCommandExecutor.execute(AppiumCommandExecutor.java:239)
	at org.openqa.selenium.remote.RemoteWebDriver.execute(RemoteWebDriver.java:552)
	at io.appium.java_client.DefaultGenericMobileDriver.execute(DefaultGenericMobileDriver.java:41)
	at io.appium.java_client.AppiumDriver.execute(AppiumDriver.java:1)
	at io.appium.java_client.android.AndroidDriver.execute(AndroidDriver.java:1)
	at org.openqa.selenium.remote.RemoteWebDriver.findElement(RemoteWebDriver.java:323)
	at io.appium.java_client.DefaultGenericMobileDriver.findElement(DefaultGenericMobileDriver.java:61)
	at io.appium.java_client.AppiumDriver.findElement(AppiumDriver.java:1)
	at io.appium.java_client.android.AndroidDriver.findElement(AndroidDriver.java:1)
	at org.openqa.selenium.remote.RemoteWebDriver.findElementById(RemoteWebDriver.java:372)
	at io.appium.java_client.DefaultGenericMobileDriver.findElementById(DefaultGenericMobileDriver.java:69)
	at io.appium.java_client.AppiumDriver.findElementById(AppiumDriver.java:1)
	at io.appium.java_client.android.AndroidDriver.findElementById(AndroidDriver.java:1)
	at org.openqa.selenium.By$ById.findElement(By.java:188)
	at org.openqa.selenium.remote.RemoteWebDriver.findElement(RemoteWebDriver.java:315)
	at io.appium.java_client.DefaultGenericMobileDriver.findElement(DefaultGenericMobileDriver.java:57)
	at io.appium.java_client.AppiumDriver.findElement(AppiumDriver.java:1)
	at io.appium.java_client.android.AndroidDriver.findElement(AndroidDriver.java:1)
	at com.selendroid.pages.HomeScreen.verify_HomeScreen_title(HomeScreen.java:80)
	at com.selendroid.test.TestScenarios.tapUnhandledExceptionbutton_Scenario8_failTestCase(TestScenarios.java:155)
... Removed 29 stack frames]]>
    </failure>
  </testcase> <!-- tapUnhandledExceptionbutton_Scenario8_failTestCase -->
  <testcase name="entertext_UnhandledException_Scenario9_failTestCase" time="6.099" classname="com.selendroid.test.TestScenarios">
    <failure type="org.openqa.selenium.StaleElementReferenceException" message="androidx.test.uiautomator.StaleObjectException
For documentation on this error, please visit: https://www.seleniumhq.org/exceptions/stale_element_reference.html
Build info: version: &amp;apos;3.141.59&amp;apos;, revision: &amp;apos;e82be7d358&amp;apos;, time: &amp;apos;2018-11-14T08:17:03&amp;apos;
System info: host: &amp;apos;RGARG&amp;apos;, ip: &amp;apos;192.168.1.107&amp;apos;, os.name: &amp;apos;Windows 8.1&amp;apos;, os.arch: &amp;apos;amd64&amp;apos;, os.version: &amp;apos;6.3&amp;apos;, java.version: &amp;apos;1.8.0_20&amp;apos;
Driver info: io.appium.java_client.android.AndroidDriver
Capabilities {app: C:\Users\ROHIT GARG\git\App..., appActivity: &amp;quot;io.selendroid.testapp.Home..., appPackage: &amp;quot;io.selendroid.testapp&amp;quot;, autoAcceptAlerts: true, autoDismissAlerts: true, autoGrantPermissions: true, databaseEnabled: false, desired: {app: C:\Users\ROHIT GARG\git\App..., appActivity: &amp;quot;io.selendroid.testapp.Home..., appPackage: &amp;quot;io.selendroid.testapp&amp;quot;, autoAcceptAlerts: true, autoDismissAlerts: true, autoGrantPermissions: true, deviceName: One Plus 5, newCommandTimeout: 120, platformName: android, platformVersion: 7.1, resetKeyboard: true, udid: d7010f8c, unicodeKeyboard: true}, deviceApiLevel: 25, deviceManufacturer: OnePlus, deviceModel: ONEPLUS A5000, deviceName: d7010f8c, deviceScreenDensity: 420, deviceScreenSize: 1080x1920, deviceUDID: d7010f8c, javascriptEnabled: true, locationContextEnabled: false, networkConnectionEnabled: true, newCommandTimeout: 120, pixelRatio: 2.625, platform: LINUX, platformName: ANDROID, platformVersion: 7.1.1, resetKeyboard: true, statBarHeight: 63, takesScreenshot: true, udid: d7010f8c, unicodeKeyboard: true, viewportRect: {height: 1857, left: 0, top: 63, width: 1080}, warnings: {}, webStorageEnabled: false}
Session ID: 316e4d85-ebf1-47f3-b2c1-86da3d7a9d78">
      <![CDATA[org.openqa.selenium.StaleElementReferenceException: androidx.test.uiautomator.StaleObjectException
For documentation on this error, please visit: https://www.seleniumhq.org/exceptions/stale_element_reference.html
Build info: version: '3.141.59', revision: 'e82be7d358', time: '2018-11-14T08:17:03'
System info: host: 'RGARG', ip: '192.168.1.107', os.name: 'Windows 8.1', os.arch: 'amd64', os.version: '6.3', java.version: '1.8.0_20'
Driver info: io.appium.java_client.android.AndroidDriver
Capabilities {app: C:\Users\ROHIT GARG\git\App..., appActivity: "io.selendroid.testapp.Home..., appPackage: "io.selendroid.testapp", autoAcceptAlerts: true, autoDismissAlerts: true, autoGrantPermissions: true, databaseEnabled: false, desired: {app: C:\Users\ROHIT GARG\git\App..., appActivity: "io.selendroid.testapp.Home..., appPackage: "io.selendroid.testapp", autoAcceptAlerts: true, autoDismissAlerts: true, autoGrantPermissions: true, deviceName: One Plus 5, newCommandTimeout: 120, platformName: android, platformVersion: 7.1, resetKeyboard: true, udid: d7010f8c, unicodeKeyboard: true}, deviceApiLevel: 25, deviceManufacturer: OnePlus, deviceModel: ONEPLUS A5000, deviceName: d7010f8c, deviceScreenDensity: 420, deviceScreenSize: 1080x1920, deviceUDID: d7010f8c, javascriptEnabled: true, locationContextEnabled: false, networkConnectionEnabled: true, newCommandTimeout: 120, pixelRatio: 2.625, platform: LINUX, platformName: ANDROID, platformVersion: 7.1.1, resetKeyboard: true, statBarHeight: 63, takesScreenshot: true, udid: d7010f8c, unicodeKeyboard: true, viewportRect: {height: 1857, left: 0, top: 63, width: 1080}, warnings: {}, webStorageEnabled: false}
Session ID: 316e4d85-ebf1-47f3-b2c1-86da3d7a9d78
	at org.openqa.selenium.remote.http.W3CHttpResponseCodec.createException(W3CHttpResponseCodec.java:187)
	at org.openqa.selenium.remote.http.W3CHttpResponseCodec.decode(W3CHttpResponseCodec.java:122)
	at org.openqa.selenium.remote.http.W3CHttpResponseCodec.decode(W3CHttpResponseCodec.java:49)
	at org.openqa.selenium.remote.HttpCommandExecutor.execute(HttpCommandExecutor.java:158)
	at io.appium.java_client.remote.AppiumCommandExecutor.execute(AppiumCommandExecutor.java:239)
	at org.openqa.selenium.remote.RemoteWebDriver.execute(RemoteWebDriver.java:552)
	at io.appium.java_client.DefaultGenericMobileDriver.execute(DefaultGenericMobileDriver.java:41)
	at io.appium.java_client.AppiumDriver.execute(AppiumDriver.java:1)
	at io.appium.java_client.android.AndroidDriver.execute(AndroidDriver.java:1)
	at org.openqa.selenium.remote.RemoteWebElement.execute(RemoteWebElement.java:285)
	at io.appium.java_client.DefaultGenericMobileElement.execute(DefaultGenericMobileElement.java:45)
	at io.appium.java_client.MobileElement.execute(MobileElement.java:1)
	at io.appium.java_client.android.AndroidElement.execute(AndroidElement.java:1)
	at org.openqa.selenium.remote.RemoteWebElement.sendKeys(RemoteWebElement.java:106)
	at com.selendroid.pages.HomeScreen.entertext_unhandledException(HomeScreen.java:225)
	at com.selendroid.test.TestScenarios.entertext_UnhandledException_Scenario9_failTestCase(TestScenarios.java:162)
... Removed 29 stack frames]]>
    </failure>
  </testcase> <!-- entertext_UnhandledException_Scenario9_failTestCase -->
</testsuite> <!-- Test -->
